[ 2017-10-23T08:40:44+08:00 ] ::1 /cms/
INFO: [ app_init ] --START--
INFO: Run Behavior\BuildLiteBehavior [ RunTime:0.000000s ]
INFO: [ app_init ] --END-- [ RunTime:0.016001s ]
INFO: [ app_begin ] --START--
INFO: Run Behavior\ReadHtmlCacheBehavior [ RunTime:0.017001s ]
INFO: [ app_begin ] --END-- [ RunTime:0.018001s ]
SQL: SHOW COLUMNS FROM `cms_nav` [ RunTime:0.0570s ]
SQL: SELECT * FROM `cms_nav` WHERE ( pid=0 ) ORDER BY sort asc  [ RunTime:0.0090s ]
SQL: SELECT * FROM `cms_nav` WHERE ( pid=0 ) ORDER BY sort asc LIMIT 4   [ RunTime:0.0010s ]
NOTIC: [2] Missing argument 3 for Home\Model\NavModel::getAllNews(), called in D:\wamp\www\cms\Application\Home\Controller\IndexController.class.php on line 24 and defined D:\wamp\www\cms\Application\Home\Model\NavModel.class.php 第 24 行.
NOTIC: [2] Missing argument 4 for Home\Model\NavModel::getAllNews(), called in D:\wamp\www\cms\Application\Home\Controller\IndexController.class.php on line 24 and defined D:\wamp\www\cms\Application\Home\Model\NavModel.class.php 第 24 行.
SQL: SELECT `pid` FROM `cms_nav` WHERE ( id=8 ) LIMIT 1   [ RunTime:0.0010s ]
NOTIC: [8] Undefined variable: firstRow D:\wamp\www\cms\Application\Home\Model\NavModel.class.php 第 38 行.
NOTIC: [8] Undefined variable: limit D:\wamp\www\cms\Application\Home\Model\NavModel.class.php 第 38 行.
SQL: SELECT c.id,`title`,`date` FROM cms_nav n INNER JOIN cms_content c on n.id=c.nav  WHERE ( n.pid=8 )  [ RunTime:0.0290s ]
NOTIC: [2] Missing argument 3 for Home\Model\NavModel::getAllNews(), called in D:\wamp\www\cms\Application\Home\Controller\IndexController.class.php on line 24 and defined D:\wamp\www\cms\Application\Home\Model\NavModel.class.php 第 24 行.
NOTIC: [2] Missing argument 4 for Home\Model\NavModel::getAllNews(), called in D:\wamp\www\cms\Application\Home\Controller\IndexController.class.php on line 24 and defined D:\wamp\www\cms\Application\Home\Model\NavModel.class.php 第 24 行.
SQL: SELECT `pid` FROM `cms_nav` WHERE ( id=1 ) LIMIT 1   [ RunTime:0.0010s ]
NOTIC: [8] Undefined variable: firstRow D:\wamp\www\cms\Application\Home\Model\NavModel.class.php 第 38 行.
NOTIC: [8] Undefined variable: limit D:\wamp\www\cms\Application\Home\Model\NavModel.class.php 第 38 行.
SQL: SELECT c.id,`title`,`date` FROM cms_nav n INNER JOIN cms_content c on n.id=c.nav  WHERE ( n.pid=1 )  [ RunTime:0.0020s ]
NOTIC: [2] Missing argument 3 for Home\Model\NavModel::getAllNews(), called in D:\wamp\www\cms\Application\Home\Controller\IndexController.class.php on line 24 and defined D:\wamp\www\cms\Application\Home\Model\NavModel.class.php 第 24 行.
NOTIC: [2] Missing argument 4 for Home\Model\NavModel::getAllNews(), called in D:\wamp\www\cms\Application\Home\Controller\IndexController.class.php on line 24 and defined D:\wamp\www\cms\Application\Home\Model\NavModel.class.php 第 24 行.
SQL: SELECT `pid` FROM `cms_nav` WHERE ( id=3 ) LIMIT 1   [ RunTime:0.0010s ]
NOTIC: [8] Undefined variable: firstRow D:\wamp\www\cms\Application\Home\Model\NavModel.class.php 第 38 行.
NOTIC: [8] Undefined variable: limit D:\wamp\www\cms\Application\Home\Model\NavModel.class.php 第 38 行.
SQL: SELECT c.id,`title`,`date` FROM cms_nav n INNER JOIN cms_content c on n.id=c.nav  WHERE ( n.pid=3 )  [ RunTime:0.0020s ]
NOTIC: [2] Missing argument 3 for Home\Model\NavModel::getAllNews(), called in D:\wamp\www\cms\Application\Home\Controller\IndexController.class.php on line 24 and defined D:\wamp\www\cms\Application\Home\Model\NavModel.class.php 第 24 行.
NOTIC: [2] Missing argument 4 for Home\Model\NavModel::getAllNews(), called in D:\wamp\www\cms\Application\Home\Controller\IndexController.class.php on line 24 and defined D:\wamp\www\cms\Application\Home\Model\NavModel.class.php 第 24 行.
SQL: SELECT `pid` FROM `cms_nav` WHERE ( id=4 ) LIMIT 1   [ RunTime:0.0010s ]
NOTIC: [8] Undefined variable: firstRow D:\wamp\www\cms\Application\Home\Model\NavModel.class.php 第 38 行.
NOTIC: [8] Undefined variable: limit D:\wamp\www\cms\Application\Home\Model\NavModel.class.php 第 38 行.
SQL: SELECT c.id,`title`,`date` FROM cms_nav n INNER JOIN cms_content c on n.id=c.nav  WHERE ( n.pid=4 )  [ RunTime:0.0010s ]
INFO: [ view_parse ] --START--
INFO: [ template_filter ] --START--
INFO: Run Behavior\ContentReplaceBehavior [ RunTime:0.000000s ]
INFO: [ template_filter ] --END-- [ RunTime:0.001000s ]
INFO: Run Behavior\ParseTemplateBehavior [ RunTime:0.087005s ]
INFO: [ view_parse ] --END-- [ RunTime:0.087005s ]
INFO: [ view_filter ] --START--
INFO: Run Behavior\WriteHtmlCacheBehavior [ RunTime:0.006001s ]
INFO: Run Behavior\TokenBuildBehavior [ RunTime:0.013001s ]
INFO: [ view_filter ] --END-- [ RunTime:0.019002s ]
INFO: [ app_end ] --START--
INFO: Run Behavior\ShowPageTraceBehavior [ RunTime:0.003000s ]
INFO: [ app_end ] --END-- [ RunTime:0.003000s ]

