[ 2018-01-08T11:17:21+08:00 ] ::1 /cms/
INFO: [ app_init ] --START--
INFO: Run Behavior\BuildLiteBehavior [ RunTime:0.001000s ]
INFO: [ app_init ] --END-- [ RunTime:0.009001s ]
INFO: [ app_begin ] --START--
INFO: Run Behavior\ReadHtmlCacheBehavior [ RunTime:0.011001s ]
INFO: [ app_begin ] --END-- [ RunTime:0.012001s ]
SQL: SHOW COLUMNS FROM `cms_nav` [ RunTime:0.0400s ]
SQL: SELECT * FROM `cms_nav` WHERE ( pid=0 ) ORDER BY sort asc  [ RunTime:0.0140s ]
SQL: SELECT * FROM `cms_nav` WHERE ( pid=0 ) ORDER BY sort asc LIMIT 4   [ RunTime:0.0000s ]
NOTIC: [2] Missing argument 3 for Home\Model\NavModel::getAllNews(), called in D:\wamp\www\cms\Application\Home\Controller\IndexController.class.php on line 24 and defined D:\wamp\www\cms\Application\Home\Model\NavModel.class.php 第 24 行.
NOTIC: [2] Missing argument 4 for Home\Model\NavModel::getAllNews(), called in D:\wamp\www\cms\Application\Home\Controller\IndexController.class.php on line 24 and defined D:\wamp\www\cms\Application\Home\Model\NavModel.class.php 第 24 行.
SQL: SELECT `pid` FROM `cms_nav` WHERE ( id=8 ) LIMIT 1   [ RunTime:0.0010s ]
NOTIC: [8] Undefined variable: firstRow D:\wamp\www\cms\Application\Home\Model\NavModel.class.php 第 38 行.
NOTIC: [8] Undefined variable: limit D:\wamp\www\cms\Application\Home\Model\NavModel.class.php 第 38 行.
SQL: SELECT c.id,`title`,`date` FROM cms_nav n INNER JOIN cms_content c on n.id=c.nav  WHERE ( n.pid=8 )  [ RunTime:0.0240s ]
NOTIC: [2] Missing argument 3 for Home\Model\NavModel::getAllNews(), called in D:\wamp\www\cms\Application\Home\Controller\IndexController.class.php on line 24 and defined D:\wamp\www\cms\Application\Home\Model\NavModel.class.php 第 24 行.
NOTIC: [2] Missing argument 4 for Home\Model\NavModel::getAllNews(), called in D:\wamp\www\cms\Application\Home\Controller\IndexController.class.php on line 24 and defined D:\wamp\www\cms\Application\Home\Model\NavModel.class.php 第 24 行.
SQL: SELECT `pid` FROM `cms_nav` WHERE ( id=1 ) LIMIT 1   [ RunTime:0.0000s ]
NOTIC: [8] Undefined variable: firstRow D:\wamp\www\cms\Application\Home\Model\NavModel.class.php 第 38 行.
NOTIC: [8] Undefined variable: limit D:\wamp\www\cms\Application\Home\Model\NavModel.class.php 第 38 行.
SQL: SELECT c.id,`title`,`date` FROM cms_nav n INNER JOIN cms_content c on n.id=c.nav  WHERE ( n.pid=1 )  [ RunTime:0.0000s ]
NOTIC: [2] Missing argument 3 for Home\Model\NavModel::getAllNews(), called in D:\wamp\www\cms\Application\Home\Controller\IndexController.class.php on line 24 and defined D:\wamp\www\cms\Application\Home\Model\NavModel.class.php 第 24 行.
NOTIC: [2] Missing argument 4 for Home\Model\NavModel::getAllNews(), called in D:\wamp\www\cms\Application\Home\Controller\IndexController.class.php on line 24 and defined D:\wamp\www\cms\Application\Home\Model\NavModel.class.php 第 24 行.
SQL: SELECT `pid` FROM `cms_nav` WHERE ( id=3 ) LIMIT 1   [ RunTime:0.0010s ]
NOTIC: [8] Undefined variable: firstRow D:\wamp\www\cms\Application\Home\Model\NavModel.class.php 第 38 行.
NOTIC: [8] Undefined variable: limit D:\wamp\www\cms\Application\Home\Model\NavModel.class.php 第 38 行.
SQL: SELECT c.id,`title`,`date` FROM cms_nav n INNER JOIN cms_content c on n.id=c.nav  WHERE ( n.pid=3 )  [ RunTime:0.0000s ]
NOTIC: [2] Missing argument 3 for Home\Model\NavModel::getAllNews(), called in D:\wamp\www\cms\Application\Home\Controller\IndexController.class.php on line 24 and defined D:\wamp\www\cms\Application\Home\Model\NavModel.class.php 第 24 行.
NOTIC: [2] Missing argument 4 for Home\Model\NavModel::getAllNews(), called in D:\wamp\www\cms\Application\Home\Controller\IndexController.class.php on line 24 and defined D:\wamp\www\cms\Application\Home\Model\NavModel.class.php 第 24 行.
SQL: SELECT `pid` FROM `cms_nav` WHERE ( id=4 ) LIMIT 1   [ RunTime:0.0000s ]
NOTIC: [8] Undefined variable: firstRow D:\wamp\www\cms\Application\Home\Model\NavModel.class.php 第 38 行.
NOTIC: [8] Undefined variable: limit D:\wamp\www\cms\Application\Home\Model\NavModel.class.php 第 38 行.
SQL: SELECT c.id,`title`,`date` FROM cms_nav n INNER JOIN cms_content c on n.id=c.nav  WHERE ( n.pid=4 )  [ RunTime:0.0010s ]
INFO: [ view_parse ] --START--
INFO: [ template_filter ] --START--
INFO: Run Behavior\ContentReplaceBehavior [ RunTime:0.000000s ]
INFO: [ template_filter ] --END-- [ RunTime:0.001000s ]
INFO: Run Behavior\ParseTemplateBehavior [ RunTime:0.080004s ]
INFO: [ view_parse ] --END-- [ RunTime:0.081004s ]
INFO: [ view_filter ] --START--
INFO: Run Behavior\WriteHtmlCacheBehavior [ RunTime:0.013001s ]
INFO: Run Behavior\TokenBuildBehavior [ RunTime:0.025001s ]
INFO: [ view_filter ] --END-- [ RunTime:0.038002s ]
INFO: [ app_end ] --START--
INFO: Run Behavior\ShowPageTraceBehavior [ RunTime:0.006001s ]
INFO: [ app_end ] --END-- [ RunTime:0.007001s ]

[ 2018-01-08T11:17:29+08:00 ] ::1 /cms/Home/List/index/id/8.html
INFO: [ app_init ] --START--
INFO: Run Behavior\BuildLiteBehavior [ RunTime:0.000000s ]
INFO: [ app_init ] --END-- [ RunTime:0.001000s ]
INFO: [ app_begin ] --START--
INFO: Run Behavior\ReadHtmlCacheBehavior [ RunTime:0.001000s ]
INFO: [ app_begin ] --END-- [ RunTime:0.002000s ]
SQL: SHOW COLUMNS FROM `cms_nav` [ RunTime:0.0120s ]
SQL: SELECT * FROM `cms_nav` WHERE ( pid=0 ) ORDER BY sort asc  [ RunTime:0.0010s ]
SQL: SELECT `pid` FROM `cms_nav` WHERE ( id=8 ) LIMIT 1   [ RunTime:0.0010s ]
SQL: SELECT COUNT(*) AS tp_count FROM cms_nav n INNER JOIN cms_content c on n.id=c.nav  WHERE ( n.pid=8 ) LIMIT 1   [ RunTime:0.0020s ]
SQL: SELECT `pid` FROM `cms_nav` WHERE ( id=8 ) LIMIT 1   [ RunTime:0.0000s ]
SQL: SELECT n.nav_name,c.id,c.title,c.date,c.thumbnail,c.keyword,c.count,c.info FROM cms_nav n INNER JOIN cms_content c on n.id=c.nav  WHERE ( n.pid=8 ) LIMIT 0,2   [ RunTime:0.0000s ]
SQL: SELECT `id`,`nav_name` FROM `cms_nav` WHERE ( pid=8 )  [ RunTime:0.0000s ]
SQL: SELECT * FROM `cms_nav` WHERE ( id=8 ) LIMIT 1   [ RunTime:0.0000s ]
INFO: [ view_parse ] --START--
INFO: [ template_filter ] --START--
INFO: Run Behavior\ContentReplaceBehavior [ RunTime:0.001000s ]
INFO: [ template_filter ] --END-- [ RunTime:0.001000s ]
INFO: Run Behavior\ParseTemplateBehavior [ RunTime:0.062004s ]
INFO: [ view_parse ] --END-- [ RunTime:0.062004s ]
INFO: [ view_filter ] --START--
INFO: Run Behavior\WriteHtmlCacheBehavior [ RunTime:0.001000s ]
INFO: Run Behavior\TokenBuildBehavior [ RunTime:0.001000s ]
INFO: [ view_filter ] --END-- [ RunTime:0.002000s ]
INFO: [ app_end ] --START--
INFO: Run Behavior\ShowPageTraceBehavior [ RunTime:0.001000s ]
INFO: [ app_end ] --END-- [ RunTime:0.001000s ]

[ 2018-01-08T11:17:30+08:00 ] ::1 /cms/Home/List/index/id/1.html
INFO: [ app_init ] --START--
INFO: Run Behavior\BuildLiteBehavior [ RunTime:0.000000s ]
INFO: [ app_init ] --END-- [ RunTime:0.000000s ]
INFO: [ app_begin ] --START--
INFO: Run Behavior\ReadHtmlCacheBehavior [ RunTime:0.001000s ]
INFO: [ app_begin ] --END-- [ RunTime:0.001000s ]
SQL: SHOW COLUMNS FROM `cms_nav` [ RunTime:0.0120s ]
SQL: SELECT * FROM `cms_nav` WHERE ( pid=0 ) ORDER BY sort asc  [ RunTime:0.0010s ]
SQL: SELECT `pid` FROM `cms_nav` WHERE ( id=1 ) LIMIT 1   [ RunTime:0.0010s ]
SQL: SELECT COUNT(*) AS tp_count FROM cms_nav n INNER JOIN cms_content c on n.id=c.nav  WHERE ( n.pid=1 ) LIMIT 1   [ RunTime:0.0000s ]
SQL: SELECT `pid` FROM `cms_nav` WHERE ( id=1 ) LIMIT 1   [ RunTime:0.0000s ]
SQL: SELECT n.nav_name,c.id,c.title,c.date,c.thumbnail,c.keyword,c.count,c.info FROM cms_nav n INNER JOIN cms_content c on n.id=c.nav  WHERE ( n.pid=1 ) LIMIT 0,2   [ RunTime:0.0000s ]
SQL: SELECT `id`,`nav_name` FROM `cms_nav` WHERE ( pid=1 )  [ RunTime:0.0000s ]
SQL: SELECT * FROM `cms_nav` WHERE ( id=1 ) LIMIT 1   [ RunTime:0.0000s ]
INFO: [ view_parse ] --START--
INFO: [ template_filter ] --START--
INFO: Run Behavior\ContentReplaceBehavior [ RunTime:0.001000s ]
INFO: [ template_filter ] --END-- [ RunTime:0.001000s ]
INFO: Run Behavior\ParseTemplateBehavior [ RunTime:0.025001s ]
INFO: [ view_parse ] --END-- [ RunTime:0.025001s ]
INFO: [ view_filter ] --START--
INFO: Run Behavior\WriteHtmlCacheBehavior [ RunTime:0.001000s ]
INFO: Run Behavior\TokenBuildBehavior [ RunTime:0.001000s ]
INFO: [ view_filter ] --END-- [ RunTime:0.002000s ]
INFO: [ app_end ] --START--
INFO: Run Behavior\ShowPageTraceBehavior [ RunTime:0.001000s ]
INFO: [ app_end ] --END-- [ RunTime:0.001000s ]

[ 2018-01-08T11:17:31+08:00 ] ::1 /cms/Home/List/index/id/3.html
INFO: [ app_init ] --START--
INFO: Run Behavior\BuildLiteBehavior [ RunTime:0.000000s ]
INFO: [ app_init ] --END-- [ RunTime:0.001000s ]
INFO: [ app_begin ] --START--
INFO: Run Behavior\ReadHtmlCacheBehavior [ RunTime:0.001000s ]
INFO: [ app_begin ] --END-- [ RunTime:0.001000s ]
SQL: SHOW COLUMNS FROM `cms_nav` [ RunTime:0.0130s ]
SQL: SELECT * FROM `cms_nav` WHERE ( pid=0 ) ORDER BY sort asc  [ RunTime:0.0010s ]
SQL: SELECT `pid` FROM `cms_nav` WHERE ( id=3 ) LIMIT 1   [ RunTime:0.0010s ]
SQL: SELECT COUNT(*) AS tp_count FROM cms_nav n INNER JOIN cms_content c on n.id=c.nav  WHERE ( n.pid=3 ) LIMIT 1   [ RunTime:0.0000s ]
SQL: SELECT `pid` FROM `cms_nav` WHERE ( id=3 ) LIMIT 1   [ RunTime:0.0000s ]
SQL: SELECT n.nav_name,c.id,c.title,c.date,c.thumbnail,c.keyword,c.count,c.info FROM cms_nav n INNER JOIN cms_content c on n.id=c.nav  WHERE ( n.pid=3 ) LIMIT 0,2   [ RunTime:0.0000s ]
SQL: SELECT `id`,`nav_name` FROM `cms_nav` WHERE ( pid=3 )  [ RunTime:0.0010s ]
SQL: SELECT * FROM `cms_nav` WHERE ( id=3 ) LIMIT 1   [ RunTime:0.0000s ]
INFO: [ view_parse ] --START--
INFO: [ template_filter ] --START--
INFO: Run Behavior\ContentReplaceBehavior [ RunTime:0.000000s ]
INFO: [ template_filter ] --END-- [ RunTime:0.000000s ]
INFO: Run Behavior\ParseTemplateBehavior [ RunTime:0.025001s ]
INFO: [ view_parse ] --END-- [ RunTime:0.025001s ]
INFO: [ view_filter ] --START--
INFO: Run Behavior\WriteHtmlCacheBehavior [ RunTime:0.001000s ]
INFO: Run Behavior\TokenBuildBehavior [ RunTime:0.001000s ]
INFO: [ view_filter ] --END-- [ RunTime:0.002000s ]
INFO: [ app_end ] --START--
INFO: Run Behavior\ShowPageTraceBehavior [ RunTime:0.000000s ]
INFO: [ app_end ] --END-- [ RunTime:0.001000s ]

[ 2018-01-08T11:17:31+08:00 ] ::1 /cms/Home/List/index/id/4.html
INFO: [ app_init ] --START--
INFO: Run Behavior\BuildLiteBehavior [ RunTime:0.000000s ]
INFO: [ app_init ] --END-- [ RunTime:0.001000s ]
INFO: [ app_begin ] --START--
INFO: Run Behavior\ReadHtmlCacheBehavior [ RunTime:0.001000s ]
INFO: [ app_begin ] --END-- [ RunTime:0.001000s ]
SQL: SHOW COLUMNS FROM `cms_nav` [ RunTime:0.0100s ]
SQL: SELECT * FROM `cms_nav` WHERE ( pid=0 ) ORDER BY sort asc  [ RunTime:0.0000s ]
SQL: SELECT `pid` FROM `cms_nav` WHERE ( id=4 ) LIMIT 1   [ RunTime:0.0000s ]
SQL: SELECT COUNT(*) AS tp_count FROM cms_nav n INNER JOIN cms_content c on n.id=c.nav  WHERE ( n.pid=4 ) LIMIT 1   [ RunTime:0.0000s ]
SQL: SELECT `pid` FROM `cms_nav` WHERE ( id=4 ) LIMIT 1   [ RunTime:0.0000s ]
SQL: SELECT n.nav_name,c.id,c.title,c.date,c.thumbnail,c.keyword,c.count,c.info FROM cms_nav n INNER JOIN cms_content c on n.id=c.nav  WHERE ( n.pid=4 ) LIMIT 0,2   [ RunTime:0.0000s ]
SQL: SELECT `id`,`nav_name` FROM `cms_nav` WHERE ( pid=4 )  [ RunTime:0.0000s ]
SQL: SELECT * FROM `cms_nav` WHERE ( id=4 ) LIMIT 1   [ RunTime:0.0000s ]
INFO: [ view_parse ] --START--
INFO: [ template_filter ] --START--
INFO: Run Behavior\ContentReplaceBehavior [ RunTime:0.000000s ]
INFO: [ template_filter ] --END-- [ RunTime:0.000000s ]
INFO: Run Behavior\ParseTemplateBehavior [ RunTime:0.025002s ]
INFO: [ view_parse ] --END-- [ RunTime:0.025002s ]
INFO: [ view_filter ] --START--
INFO: Run Behavior\WriteHtmlCacheBehavior [ RunTime:0.000000s ]
INFO: Run Behavior\TokenBuildBehavior [ RunTime:0.000000s ]
INFO: [ view_filter ] --END-- [ RunTime:0.002000s ]
INFO: [ app_end ] --START--
INFO: Run Behavior\ShowPageTraceBehavior [ RunTime:0.001000s ]
INFO: [ app_end ] --END-- [ RunTime:0.001000s ]

[ 2018-01-08T11:17:32+08:00 ] ::1 /cms/Home/List/index/id/5.html
INFO: [ app_init ] --START--
INFO: Run Behavior\BuildLiteBehavior [ RunTime:0.000000s ]
INFO: [ app_init ] --END-- [ RunTime:0.001000s ]
INFO: [ app_begin ] --START--
INFO: Run Behavior\ReadHtmlCacheBehavior [ RunTime:0.001000s ]
INFO: [ app_begin ] --END-- [ RunTime:0.002000s ]
SQL: SHOW COLUMNS FROM `cms_nav` [ RunTime:0.0130s ]
SQL: SELECT * FROM `cms_nav` WHERE ( pid=0 ) ORDER BY sort asc  [ RunTime:0.0010s ]
SQL: SELECT `pid` FROM `cms_nav` WHERE ( id=5 ) LIMIT 1   [ RunTime:0.0000s ]
SQL: SELECT COUNT(*) AS tp_count FROM cms_nav n INNER JOIN cms_content c on n.id=c.nav  WHERE ( n.pid=5 ) LIMIT 1   [ RunTime:0.0000s ]
SQL: SELECT `pid` FROM `cms_nav` WHERE ( id=5 ) LIMIT 1   [ RunTime:0.0000s ]
SQL: SELECT n.nav_name,c.id,c.title,c.date,c.thumbnail,c.keyword,c.count,c.info FROM cms_nav n INNER JOIN cms_content c on n.id=c.nav  WHERE ( n.pid=5 ) LIMIT 0,2   [ RunTime:0.0010s ]
SQL: SELECT `id`,`nav_name` FROM `cms_nav` WHERE ( pid=5 )  [ RunTime:0.0010s ]
SQL: SELECT * FROM `cms_nav` WHERE ( id=5 ) LIMIT 1   [ RunTime:0.0000s ]
INFO: [ view_parse ] --START--
INFO: [ template_filter ] --START--
INFO: Run Behavior\ContentReplaceBehavior [ RunTime:0.000000s ]
INFO: [ template_filter ] --END-- [ RunTime:0.001000s ]
INFO: Run Behavior\ParseTemplateBehavior [ RunTime:0.023001s ]
INFO: [ view_parse ] --END-- [ RunTime:0.023001s ]
INFO: [ view_filter ] --START--
INFO: Run Behavior\WriteHtmlCacheBehavior [ RunTime:0.001000s ]
INFO: Run Behavior\TokenBuildBehavior [ RunTime:0.001000s ]
INFO: [ view_filter ] --END-- [ RunTime:0.002000s ]
INFO: [ app_end ] --START--
INFO: Run Behavior\ShowPageTraceBehavior [ RunTime:0.001000s ]
INFO: [ app_end ] --END-- [ RunTime:0.001000s ]

[ 2018-01-08T11:17:33+08:00 ] ::1 /cms/Home/List/index/id/10.html
INFO: [ app_init ] --START--
INFO: Run Behavior\BuildLiteBehavior [ RunTime:0.000000s ]
INFO: [ app_init ] --END-- [ RunTime:0.001000s ]
INFO: [ app_begin ] --START--
INFO: Run Behavior\ReadHtmlCacheBehavior [ RunTime:0.001000s ]
INFO: [ app_begin ] --END-- [ RunTime:0.001000s ]
SQL: SHOW COLUMNS FROM `cms_nav` [ RunTime:0.0130s ]
SQL: SELECT * FROM `cms_nav` WHERE ( pid=0 ) ORDER BY sort asc  [ RunTime:0.0010s ]
SQL: SELECT `pid` FROM `cms_nav` WHERE ( id=10 ) LIMIT 1   [ RunTime:0.0010s ]
SQL: SELECT COUNT(*) AS tp_count FROM cms_nav n INNER JOIN cms_content c on n.id=c.nav  WHERE ( n.pid=10 ) LIMIT 1   [ RunTime:0.0000s ]
SQL: SELECT `pid` FROM `cms_nav` WHERE ( id=10 ) LIMIT 1   [ RunTime:0.0000s ]
SQL: SELECT n.nav_name,c.id,c.title,c.date,c.thumbnail,c.keyword,c.count,c.info FROM cms_nav n INNER JOIN cms_content c on n.id=c.nav  WHERE ( n.pid=10 ) LIMIT 0,2   [ RunTime:0.0000s ]
SQL: SELECT `id`,`nav_name` FROM `cms_nav` WHERE ( pid=10 )  [ RunTime:0.0010s ]
SQL: SELECT * FROM `cms_nav` WHERE ( id=10 ) LIMIT 1   [ RunTime:0.0000s ]
INFO: [ view_parse ] --START--
INFO: [ template_filter ] --START--
INFO: Run Behavior\ContentReplaceBehavior [ RunTime:0.000000s ]
INFO: [ template_filter ] --END-- [ RunTime:0.000000s ]
INFO: Run Behavior\ParseTemplateBehavior [ RunTime:0.022002s ]
INFO: [ view_parse ] --END-- [ RunTime:0.022002s ]
INFO: [ view_filter ] --START--
INFO: Run Behavior\WriteHtmlCacheBehavior [ RunTime:0.000000s ]
INFO: Run Behavior\TokenBuildBehavior [ RunTime:0.001000s ]
INFO: [ view_filter ] --END-- [ RunTime:0.002000s ]
INFO: [ app_end ] --START--
INFO: Run Behavior\ShowPageTraceBehavior [ RunTime:0.000000s ]
INFO: [ app_end ] --END-- [ RunTime:0.001000s ]

[ 2018-01-08T11:17:33+08:00 ] ::1 /cms/Home/List/index/id/7.html
INFO: [ app_init ] --START--
INFO: Run Behavior\BuildLiteBehavior [ RunTime:0.000000s ]
INFO: [ app_init ] --END-- [ RunTime:0.001000s ]
INFO: [ app_begin ] --START--
INFO: Run Behavior\ReadHtmlCacheBehavior [ RunTime:0.001001s ]
INFO: [ app_begin ] --END-- [ RunTime:0.001001s ]
SQL: SHOW COLUMNS FROM `cms_nav` [ RunTime:0.0120s ]
SQL: SELECT * FROM `cms_nav` WHERE ( pid=0 ) ORDER BY sort asc  [ RunTime:0.0000s ]
SQL: SELECT `pid` FROM `cms_nav` WHERE ( id=7 ) LIMIT 1   [ RunTime:0.0010s ]
SQL: SELECT COUNT(*) AS tp_count FROM cms_nav n INNER JOIN cms_content c on n.id=c.nav  WHERE ( n.pid=7 ) LIMIT 1   [ RunTime:0.0000s ]
SQL: SELECT `pid` FROM `cms_nav` WHERE ( id=7 ) LIMIT 1   [ RunTime:0.0000s ]
SQL: SELECT n.nav_name,c.id,c.title,c.date,c.thumbnail,c.keyword,c.count,c.info FROM cms_nav n INNER JOIN cms_content c on n.id=c.nav  WHERE ( n.pid=7 ) LIMIT 0,2   [ RunTime:0.0000s ]
SQL: SELECT `id`,`nav_name` FROM `cms_nav` WHERE ( pid=7 )  [ RunTime:0.0000s ]
SQL: SELECT * FROM `cms_nav` WHERE ( id=7 ) LIMIT 1   [ RunTime:0.0000s ]
INFO: [ view_parse ] --START--
INFO: [ template_filter ] --START--
INFO: Run Behavior\ContentReplaceBehavior [ RunTime:0.000000s ]
INFO: [ template_filter ] --END-- [ RunTime:0.001000s ]
INFO: Run Behavior\ParseTemplateBehavior [ RunTime:0.025002s ]
INFO: [ view_parse ] --END-- [ RunTime:0.025002s ]
INFO: [ view_filter ] --START--
INFO: Run Behavior\WriteHtmlCacheBehavior [ RunTime:0.001000s ]
INFO: Run Behavior\TokenBuildBehavior [ RunTime:0.000000s ]
INFO: [ view_filter ] --END-- [ RunTime:0.002000s ]
INFO: [ app_end ] --START--
INFO: Run Behavior\ShowPageTraceBehavior [ RunTime:0.001000s ]
INFO: [ app_end ] --END-- [ RunTime:0.001000s ]

[ 2018-01-08T11:17:34+08:00 ] ::1 /cms/Home/List/index/id/9.html
INFO: [ app_init ] --START--
INFO: Run Behavior\BuildLiteBehavior [ RunTime:0.000000s ]
INFO: [ app_init ] --END-- [ RunTime:0.000000s ]
INFO: [ app_begin ] --START--
INFO: Run Behavior\ReadHtmlCacheBehavior [ RunTime:0.001000s ]
INFO: [ app_begin ] --END-- [ RunTime:0.001000s ]
SQL: SHOW COLUMNS FROM `cms_nav` [ RunTime:0.0120s ]
SQL: SELECT * FROM `cms_nav` WHERE ( pid=0 ) ORDER BY sort asc  [ RunTime:0.0000s ]
SQL: SELECT `pid` FROM `cms_nav` WHERE ( id=9 ) LIMIT 1   [ RunTime:0.0000s ]
SQL: SELECT COUNT(*) AS tp_count FROM cms_nav n INNER JOIN cms_content c on n.id=c.nav  WHERE ( n.pid=9 ) LIMIT 1   [ RunTime:0.0000s ]
SQL: SELECT `pid` FROM `cms_nav` WHERE ( id=9 ) LIMIT 1   [ RunTime:0.0000s ]
SQL: SELECT n.nav_name,c.id,c.title,c.date,c.thumbnail,c.keyword,c.count,c.info FROM cms_nav n INNER JOIN cms_content c on n.id=c.nav  WHERE ( n.pid=9 ) LIMIT 0,2   [ RunTime:0.0000s ]
SQL: SELECT `id`,`nav_name` FROM `cms_nav` WHERE ( pid=9 )  [ RunTime:0.0010s ]
SQL: SELECT * FROM `cms_nav` WHERE ( id=9 ) LIMIT 1   [ RunTime:0.0000s ]
INFO: [ view_parse ] --START--
INFO: [ template_filter ] --START--
INFO: Run Behavior\ContentReplaceBehavior [ RunTime:0.000000s ]
INFO: [ template_filter ] --END-- [ RunTime:0.000000s ]
INFO: Run Behavior\ParseTemplateBehavior [ RunTime:0.022001s ]
INFO: [ view_parse ] --END-- [ RunTime:0.022001s ]
INFO: [ view_filter ] --START--
INFO: Run Behavior\WriteHtmlCacheBehavior [ RunTime:0.001000s ]
INFO: Run Behavior\TokenBuildBehavior [ RunTime:0.001000s ]
INFO: [ view_filter ] --END-- [ RunTime:0.002000s ]
INFO: [ app_end ] --START--
INFO: Run Behavior\ShowPageTraceBehavior [ RunTime:0.001000s ]
INFO: [ app_end ] --END-- [ RunTime:0.001000s ]

[ 2018-01-08T11:17:35+08:00 ] ::1 /cms/
INFO: [ app_init ] --START--
INFO: Run Behavior\BuildLiteBehavior [ RunTime:0.000000s ]
INFO: [ app_init ] --END-- [ RunTime:0.001000s ]
INFO: [ app_begin ] --START--
INFO: Run Behavior\ReadHtmlCacheBehavior [ RunTime:0.001000s ]
INFO: [ app_begin ] --END-- [ RunTime:0.001000s ]
SQL: SHOW COLUMNS FROM `cms_nav` [ RunTime:0.0130s ]
SQL: SELECT * FROM `cms_nav` WHERE ( pid=0 ) ORDER BY sort asc  [ RunTime:0.0010s ]
SQL: SELECT * FROM `cms_nav` WHERE ( pid=0 ) ORDER BY sort asc LIMIT 4   [ RunTime:0.0010s ]
NOTIC: [2] Missing argument 3 for Home\Model\NavModel::getAllNews(), called in D:\wamp\www\cms\Application\Home\Controller\IndexController.class.php on line 24 and defined D:\wamp\www\cms\Application\Home\Model\NavModel.class.php 第 24 行.
NOTIC: [2] Missing argument 4 for Home\Model\NavModel::getAllNews(), called in D:\wamp\www\cms\Application\Home\Controller\IndexController.class.php on line 24 and defined D:\wamp\www\cms\Application\Home\Model\NavModel.class.php 第 24 行.
SQL: SELECT `pid` FROM `cms_nav` WHERE ( id=8 ) LIMIT 1   [ RunTime:0.0010s ]
NOTIC: [8] Undefined variable: firstRow D:\wamp\www\cms\Application\Home\Model\NavModel.class.php 第 38 行.
NOTIC: [8] Undefined variable: limit D:\wamp\www\cms\Application\Home\Model\NavModel.class.php 第 38 行.
SQL: SELECT c.id,`title`,`date` FROM cms_nav n INNER JOIN cms_content c on n.id=c.nav  WHERE ( n.pid=8 )  [ RunTime:0.0010s ]
NOTIC: [2] Missing argument 3 for Home\Model\NavModel::getAllNews(), called in D:\wamp\www\cms\Application\Home\Controller\IndexController.class.php on line 24 and defined D:\wamp\www\cms\Application\Home\Model\NavModel.class.php 第 24 行.
NOTIC: [2] Missing argument 4 for Home\Model\NavModel::getAllNews(), called in D:\wamp\www\cms\Application\Home\Controller\IndexController.class.php on line 24 and defined D:\wamp\www\cms\Application\Home\Model\NavModel.class.php 第 24 行.
SQL: SELECT `pid` FROM `cms_nav` WHERE ( id=1 ) LIMIT 1   [ RunTime:0.0000s ]
NOTIC: [8] Undefined variable: firstRow D:\wamp\www\cms\Application\Home\Model\NavModel.class.php 第 38 行.
NOTIC: [8] Undefined variable: limit D:\wamp\www\cms\Application\Home\Model\NavModel.class.php 第 38 行.
SQL: SELECT c.id,`title`,`date` FROM cms_nav n INNER JOIN cms_content c on n.id=c.nav  WHERE ( n.pid=1 )  [ RunTime:0.0000s ]
NOTIC: [2] Missing argument 3 for Home\Model\NavModel::getAllNews(), called in D:\wamp\www\cms\Application\Home\Controller\IndexController.class.php on line 24 and defined D:\wamp\www\cms\Application\Home\Model\NavModel.class.php 第 24 行.
NOTIC: [2] Missing argument 4 for Home\Model\NavModel::getAllNews(), called in D:\wamp\www\cms\Application\Home\Controller\IndexController.class.php on line 24 and defined D:\wamp\www\cms\Application\Home\Model\NavModel.class.php 第 24 行.
SQL: SELECT `pid` FROM `cms_nav` WHERE ( id=3 ) LIMIT 1   [ RunTime:0.0000s ]
NOTIC: [8] Undefined variable: firstRow D:\wamp\www\cms\Application\Home\Model\NavModel.class.php 第 38 行.
NOTIC: [8] Undefined variable: limit D:\wamp\www\cms\Application\Home\Model\NavModel.class.php 第 38 行.
SQL: SELECT c.id,`title`,`date` FROM cms_nav n INNER JOIN cms_content c on n.id=c.nav  WHERE ( n.pid=3 )  [ RunTime:0.0000s ]
NOTIC: [2] Missing argument 3 for Home\Model\NavModel::getAllNews(), called in D:\wamp\www\cms\Application\Home\Controller\IndexController.class.php on line 24 and defined D:\wamp\www\cms\Application\Home\Model\NavModel.class.php 第 24 行.
NOTIC: [2] Missing argument 4 for Home\Model\NavModel::getAllNews(), called in D:\wamp\www\cms\Application\Home\Controller\IndexController.class.php on line 24 and defined D:\wamp\www\cms\Application\Home\Model\NavModel.class.php 第 24 行.
SQL: SELECT `pid` FROM `cms_nav` WHERE ( id=4 ) LIMIT 1   [ RunTime:0.0000s ]
NOTIC: [8] Undefined variable: firstRow D:\wamp\www\cms\Application\Home\Model\NavModel.class.php 第 38 行.
NOTIC: [8] Undefined variable: limit D:\wamp\www\cms\Application\Home\Model\NavModel.class.php 第 38 行.
SQL: SELECT c.id,`title`,`date` FROM cms_nav n INNER JOIN cms_content c on n.id=c.nav  WHERE ( n.pid=4 )  [ RunTime:0.0000s ]
INFO: [ view_parse ] --START--
INFO: [ template_filter ] --START--
INFO: Run Behavior\ContentReplaceBehavior [ RunTime:0.000000s ]
INFO: [ template_filter ] --END-- [ RunTime:0.000000s ]
INFO: Run Behavior\ParseTemplateBehavior [ RunTime:0.024001s ]
INFO: [ view_parse ] --END-- [ RunTime:0.025001s ]
INFO: [ view_filter ] --START--
INFO: Run Behavior\WriteHtmlCacheBehavior [ RunTime:0.001000s ]
INFO: Run Behavior\TokenBuildBehavior [ RunTime:0.001000s ]
INFO: [ view_filter ] --END-- [ RunTime:0.002000s ]
INFO: [ app_end ] --START--
INFO: Run Behavior\ShowPageTraceBehavior [ RunTime:0.002000s ]
INFO: [ app_end ] --END-- [ RunTime:0.002000s ]

[ 2018-01-08T11:17:39+08:00 ] ::1 /cms/Home/Search/index.html?type=1&search=ss&__hash__=99776d6c9f2f7773780275275804005c_0264e4122e42b2811daa2bc8d3d49248
INFO: [ app_init ] --START--
INFO: Run Behavior\BuildLiteBehavior [ RunTime:0.000000s ]
INFO: [ app_init ] --END-- [ RunTime:0.001000s ]
INFO: [ app_begin ] --START--
INFO: Run Behavior\ReadHtmlCacheBehavior [ RunTime:0.001000s ]
INFO: [ app_begin ] --END-- [ RunTime:0.001000s ]
SQL: SHOW COLUMNS FROM `cms_nav` [ RunTime:0.0160s ]
SQL: SELECT * FROM `cms_nav` WHERE ( pid=0 ) ORDER BY sort asc  [ RunTime:0.0000s ]
SQL: SELECT COUNT(*) AS tp_count FROM cms_nav n INNER JOIN cms_content c on n.id=c.nav  WHERE ( c.title like '%ss%' ) LIMIT 1   [ RunTime:0.0000s ]
SQL: SELECT n.nav_name,c.id,c.title,c.date,c.thumbnail,c.keyword,c.count,c.info FROM cms_nav n INNER JOIN cms_content c on n.id=c.nav  WHERE ( c.title like '%ss%' ) LIMIT 0,2   [ RunTime:0.0010s ]
INFO: [ view_parse ] --START--
INFO: [ template_filter ] --START--
INFO: Run Behavior\ContentReplaceBehavior [ RunTime:0.000000s ]
INFO: [ template_filter ] --END-- [ RunTime:0.000000s ]
INFO: Run Behavior\ParseTemplateBehavior [ RunTime:0.109006s ]
INFO: [ view_parse ] --END-- [ RunTime:0.111007s ]
INFO: [ view_filter ] --START--
INFO: Run Behavior\WriteHtmlCacheBehavior [ RunTime:0.001000s ]
INFO: Run Behavior\TokenBuildBehavior [ RunTime:0.002000s ]
INFO: [ view_filter ] --END-- [ RunTime:0.003000s ]
INFO: [ app_end ] --START--
INFO: Run Behavior\ShowPageTraceBehavior [ RunTime:0.002000s ]
INFO: [ app_end ] --END-- [ RunTime:0.003000s ]

[ 2018-01-08T11:17:44+08:00 ] ::1 /cms/Home/Search/index.html?type=1&search=like&__hash__=c20e53c3018d8edcb7f1c06265be2ddc_f432d369923bde1580bf3054e11749f8
INFO: [ app_init ] --START--
INFO: Run Behavior\BuildLiteBehavior [ RunTime:0.000000s ]
INFO: [ app_init ] --END-- [ RunTime:0.001000s ]
INFO: [ app_begin ] --START--
INFO: Run Behavior\ReadHtmlCacheBehavior [ RunTime:0.001000s ]
INFO: [ app_begin ] --END-- [ RunTime:0.001000s ]
SQL: SHOW COLUMNS FROM `cms_nav` [ RunTime:0.0120s ]
SQL: SELECT * FROM `cms_nav` WHERE ( pid=0 ) ORDER BY sort asc  [ RunTime:0.0000s ]
SQL: SELECT COUNT(*) AS tp_count FROM cms_nav n INNER JOIN cms_content c on n.id=c.nav  WHERE ( c.title like '%like%' ) LIMIT 1   [ RunTime:0.0000s ]
SQL: SELECT n.nav_name,c.id,c.title,c.date,c.thumbnail,c.keyword,c.count,c.info FROM cms_nav n INNER JOIN cms_content c on n.id=c.nav  WHERE ( c.title like '%like%' ) LIMIT 0,2   [ RunTime:0.0010s ]
INFO: [ view_parse ] --START--
INFO: [ template_filter ] --START--
INFO: Run Behavior\ContentReplaceBehavior [ RunTime:0.000000s ]
INFO: [ template_filter ] --END-- [ RunTime:0.000000s ]
INFO: Run Behavior\ParseTemplateBehavior [ RunTime:0.019001s ]
INFO: [ view_parse ] --END-- [ RunTime:0.021001s ]
INFO: [ view_filter ] --START--
INFO: Run Behavior\WriteHtmlCacheBehavior [ RunTime:0.000000s ]
INFO: Run Behavior\TokenBuildBehavior [ RunTime:0.000000s ]
INFO: [ view_filter ] --END-- [ RunTime:0.002000s ]
INFO: [ app_end ] --START--
INFO: Run Behavior\ShowPageTraceBehavior [ RunTime:0.001000s ]
INFO: [ app_end ] --END-- [ RunTime:0.001000s ]

[ 2018-01-08T11:17:53+08:00 ] ::1 /cms/Home/Search/index.html?type=2&search=%E5%86%9B%E4%BA%8B&__hash__=4bbefba52ade30aa85f2a0a1a335d27a_61accbd3e4a2089c24a1ed582eec0356
INFO: [ app_init ] --START--
INFO: Run Behavior\BuildLiteBehavior [ RunTime:0.000000s ]
INFO: [ app_init ] --END-- [ RunTime:0.001000s ]
INFO: [ app_begin ] --START--
INFO: Run Behavior\ReadHtmlCacheBehavior [ RunTime:0.001000s ]
INFO: [ app_begin ] --END-- [ RunTime:0.002000s ]
SQL: SHOW COLUMNS FROM `cms_nav` [ RunTime:0.0130s ]
SQL: SELECT * FROM `cms_nav` WHERE ( pid=0 ) ORDER BY sort asc  [ RunTime:0.0000s ]
SQL: SELECT COUNT(*) AS tp_count FROM cms_nav n INNER JOIN cms_content c on n.id=c.nav  WHERE ( c.keyword like '%军事%' ) LIMIT 1   [ RunTime:0.0000s ]
SQL: SELECT n.nav_name,c.id,c.title,c.date,c.thumbnail,c.keyword,c.count,c.info FROM cms_nav n INNER JOIN cms_content c on n.id=c.nav  WHERE ( c.keyword like '%军事%' ) LIMIT 0,2   [ RunTime:0.0000s ]
INFO: [ view_parse ] --START--
INFO: [ template_filter ] --START--
INFO: Run Behavior\ContentReplaceBehavior [ RunTime:0.000000s ]
INFO: [ template_filter ] --END-- [ RunTime:0.000000s ]
INFO: Run Behavior\ParseTemplateBehavior [ RunTime:0.020001s ]
INFO: [ view_parse ] --END-- [ RunTime:0.020001s ]
INFO: [ view_filter ] --START--
INFO: Run Behavior\WriteHtmlCacheBehavior [ RunTime:0.001000s ]
INFO: Run Behavior\TokenBuildBehavior [ RunTime:0.001000s ]
INFO: [ view_filter ] --END-- [ RunTime:0.002000s ]
INFO: [ app_end ] --START--
INFO: Run Behavior\ShowPageTraceBehavior [ RunTime:0.001000s ]
INFO: [ app_end ] --END-- [ RunTime:0.001000s ]

[ 2018-01-08T11:17:54+08:00 ] ::1 /cms/Home/Search/index.html?type=1&search=&__hash__=b1062f48777b2f9e26aec99306eb1bde_4a9862366630fbbaf0695e84df401e49
INFO: [ app_init ] --START--
INFO: Run Behavior\BuildLiteBehavior [ RunTime:0.000000s ]
INFO: [ app_init ] --END-- [ RunTime:0.001000s ]
INFO: [ app_begin ] --START--
INFO: Run Behavior\ReadHtmlCacheBehavior [ RunTime:0.001000s ]
INFO: [ app_begin ] --END-- [ RunTime:0.001000s ]
SQL: SHOW COLUMNS FROM `cms_nav` [ RunTime:0.0140s ]
SQL: SELECT * FROM `cms_nav` WHERE ( pid=0 ) ORDER BY sort asc  [ RunTime:0.0000s ]
SQL: SELECT COUNT(*) AS tp_count FROM cms_nav n INNER JOIN cms_content c on n.id=c.nav  WHERE ( c.title like '%%' ) LIMIT 1   [ RunTime:0.0000s ]
SQL: SELECT n.nav_name,c.id,c.title,c.date,c.thumbnail,c.keyword,c.count,c.info FROM cms_nav n INNER JOIN cms_content c on n.id=c.nav  WHERE ( c.title like '%%' ) LIMIT 0,2   [ RunTime:0.0010s ]
INFO: [ view_parse ] --START--
INFO: [ template_filter ] --START--
INFO: Run Behavior\ContentReplaceBehavior [ RunTime:0.000000s ]
INFO: [ template_filter ] --END-- [ RunTime:0.001000s ]
INFO: Run Behavior\ParseTemplateBehavior [ RunTime:0.022002s ]
INFO: [ view_parse ] --END-- [ RunTime:0.022002s ]
INFO: [ view_filter ] --START--
INFO: Run Behavior\WriteHtmlCacheBehavior [ RunTime:0.001000s ]
INFO: Run Behavior\TokenBuildBehavior [ RunTime:0.001000s ]
INFO: [ view_filter ] --END-- [ RunTime:0.002000s ]
INFO: [ app_end ] --START--
INFO: Run Behavior\ShowPageTraceBehavior [ RunTime:0.001000s ]
INFO: [ app_end ] --END-- [ RunTime:0.001000s ]

[ 2018-01-08T11:18:04+08:00 ] ::1 /cms/Home/Search/index.html?type=1&search=&__hash__=40b19fc3904366016c2f24e9d04f6174_ca9d582f462c656abd7c84af6f58f3f8
INFO: [ app_init ] --START--
INFO: Run Behavior\BuildLiteBehavior [ RunTime:0.000000s ]
INFO: [ app_init ] --END-- [ RunTime:0.001000s ]
INFO: [ app_begin ] --START--
INFO: Run Behavior\ReadHtmlCacheBehavior [ RunTime:0.000000s ]
INFO: [ app_begin ] --END-- [ RunTime:0.002000s ]
SQL: SHOW COLUMNS FROM `cms_nav` [ RunTime:0.0140s ]
SQL: SELECT * FROM `cms_nav` WHERE ( pid=0 ) ORDER BY sort asc  [ RunTime:0.0000s ]
SQL: SELECT COUNT(*) AS tp_count FROM cms_nav n INNER JOIN cms_content c on n.id=c.nav  WHERE ( c.title like '%%' ) LIMIT 1   [ RunTime:0.0000s ]
SQL: SELECT n.nav_name,c.id,c.title,c.date,c.thumbnail,c.keyword,c.count,c.info FROM cms_nav n INNER JOIN cms_content c on n.id=c.nav  WHERE ( c.title like '%%' ) LIMIT 0,2   [ RunTime:0.0010s ]
INFO: [ view_parse ] --START--
INFO: [ template_filter ] --START--
INFO: Run Behavior\ContentReplaceBehavior [ RunTime:0.000000s ]
INFO: [ template_filter ] --END-- [ RunTime:0.000000s ]
INFO: Run Behavior\ParseTemplateBehavior [ RunTime:0.022001s ]
INFO: [ view_parse ] --END-- [ RunTime:0.022001s ]
INFO: [ view_filter ] --START--
INFO: Run Behavior\WriteHtmlCacheBehavior [ RunTime:0.001000s ]
INFO: Run Behavior\TokenBuildBehavior [ RunTime:0.001000s ]
INFO: [ view_filter ] --END-- [ RunTime:0.002000s ]
INFO: [ app_end ] --START--
INFO: Run Behavior\ShowPageTraceBehavior [ RunTime:0.000000s ]
INFO: [ app_end ] --END-- [ RunTime:0.001000s ]

[ 2018-01-08T11:18:08+08:00 ] ::1 /cms/Home/Search/index/type/1/__hash__/40b19fc3904366016c2f24e9d04f6174_ca9d582f462c656abd7c84af6f58f3f8/p/2.html
INFO: [ app_init ] --START--
INFO: Run Behavior\BuildLiteBehavior [ RunTime:0.000000s ]
INFO: [ app_init ] --END-- [ RunTime:0.001000s ]
INFO: [ app_begin ] --START--
INFO: Run Behavior\ReadHtmlCacheBehavior [ RunTime:0.001000s ]
INFO: [ app_begin ] --END-- [ RunTime:0.002000s ]
SQL: SHOW COLUMNS FROM `cms_nav` [ RunTime:0.0120s ]
SQL: SELECT * FROM `cms_nav` WHERE ( pid=0 ) ORDER BY sort asc  [ RunTime:0.0010s ]
SQL: SELECT COUNT(*) AS tp_count FROM cms_nav n INNER JOIN cms_content c on n.id=c.nav  WHERE ( c.title like '%%' ) LIMIT 1   [ RunTime:0.0010s ]
SQL: SELECT n.nav_name,c.id,c.title,c.date,c.thumbnail,c.keyword,c.count,c.info FROM cms_nav n INNER JOIN cms_content c on n.id=c.nav  WHERE ( c.title like '%%' ) LIMIT 2,2   [ RunTime:0.0000s ]
INFO: [ view_parse ] --START--
INFO: [ template_filter ] --START--
INFO: Run Behavior\ContentReplaceBehavior [ RunTime:0.000000s ]
INFO: [ template_filter ] --END-- [ RunTime:0.000000s ]
NOTIC: [8] Undefined index: search D:\wamp\www\cms\Application\Runtime\Cache\Home\dc21e6da2e1dbcec494898213c16ba46.php 第 53 行.
INFO: Run Behavior\ParseTemplateBehavior [ RunTime:0.020002s ]
INFO: [ view_parse ] --END-- [ RunTime:0.020002s ]
INFO: [ view_filter ] --START--
INFO: Run Behavior\WriteHtmlCacheBehavior [ RunTime:0.001000s ]
INFO: Run Behavior\TokenBuildBehavior [ RunTime:0.001000s ]
INFO: [ view_filter ] --END-- [ RunTime:0.002000s ]
INFO: [ app_end ] --START--
INFO: Run Behavior\ShowPageTraceBehavior [ RunTime:0.001000s ]
INFO: [ app_end ] --END-- [ RunTime:0.001000s ]

[ 2018-01-08T11:18:12+08:00 ] ::1 /cms/Home/Detail/index/id/45.html
INFO: [ app_init ] --START--
INFO: Run Behavior\BuildLiteBehavior [ RunTime:0.000000s ]
INFO: [ app_init ] --END-- [ RunTime:0.001000s ]
INFO: [ app_begin ] --START--
INFO: Run Behavior\ReadHtmlCacheBehavior [ RunTime:0.001000s ]
INFO: [ app_begin ] --END-- [ RunTime:0.001000s ]
SQL: SHOW COLUMNS FROM `cms_nav` [ RunTime:0.0170s ]
SQL: SELECT * FROM `cms_nav` WHERE ( pid=0 ) ORDER BY sort asc  [ RunTime:0.0010s ]
SQL: SHOW COLUMNS FROM `cms_content` [ RunTime:0.0170s ]
SQL: SELECT `title`,`date`,`count`,`info`,`source`,`author`,`content` FROM `cms_content` WHERE ( id=45 ) LIMIT 1   [ RunTime:0.0000s ]
SQL: SELECT `nav_name`,`pid`,n.id FROM cms_content c INNER JOIN cms_nav n on n.id = c.nav  WHERE ( c.id=45 ) LIMIT 1   [ RunTime:0.0010s ]
SQL: SHOW COLUMNS FROM `cms_nav` [ RunTime:0.0140s ]
SQL: SELECT `nav_name`,n.id FROM cms_nav n WHERE ( n.id=1 ) LIMIT 1   [ RunTime:0.0000s ]
NOTIC: [8] A session had already been started - ignoring session_start() D:\wamp\www\cms\Application\Home\Controller\DetailController.class.php 第 34 行.
SQL: UPDATE `cms_content` SET `count`='3' WHERE `id` = 45 [ RunTime:0.0000s ]
INFO: [ view_parse ] --START--
INFO: [ template_filter ] --START--
INFO: Run Behavior\ContentReplaceBehavior [ RunTime:0.000000s ]
INFO: [ template_filter ] --END-- [ RunTime:0.000000s ]
INFO: Run Behavior\ParseTemplateBehavior [ RunTime:0.029001s ]
INFO: [ view_parse ] --END-- [ RunTime:0.029001s ]
INFO: [ view_filter ] --START--
INFO: Run Behavior\WriteHtmlCacheBehavior [ RunTime:0.001000s ]
INFO: Run Behavior\TokenBuildBehavior [ RunTime:0.001000s ]
INFO: [ view_filter ] --END-- [ RunTime:0.002000s ]
INFO: [ app_end ] --START--
INFO: Run Behavior\ShowPageTraceBehavior [ RunTime:0.001000s ]
INFO: [ app_end ] --END-- [ RunTime:0.001000s ]

[ 2018-01-08T11:18:15+08:00 ] ::1 /cms/
INFO: [ app_init ] --START--
INFO: Run Behavior\BuildLiteBehavior [ RunTime:0.000000s ]
INFO: [ app_init ] --END-- [ RunTime:0.001000s ]
INFO: [ app_begin ] --START--
INFO: Run Behavior\ReadHtmlCacheBehavior [ RunTime:0.001000s ]
INFO: [ app_begin ] --END-- [ RunTime:0.001000s ]
SQL: SHOW COLUMNS FROM `cms_nav` [ RunTime:0.0140s ]
SQL: SELECT * FROM `cms_nav` WHERE ( pid=0 ) ORDER BY sort asc  [ RunTime:0.0000s ]
SQL: SELECT * FROM `cms_nav` WHERE ( pid=0 ) ORDER BY sort asc LIMIT 4   [ RunTime:0.0000s ]
NOTIC: [2] Missing argument 3 for Home\Model\NavModel::getAllNews(), called in D:\wamp\www\cms\Application\Home\Controller\IndexController.class.php on line 24 and defined D:\wamp\www\cms\Application\Home\Model\NavModel.class.php 第 24 行.
NOTIC: [2] Missing argument 4 for Home\Model\NavModel::getAllNews(), called in D:\wamp\www\cms\Application\Home\Controller\IndexController.class.php on line 24 and defined D:\wamp\www\cms\Application\Home\Model\NavModel.class.php 第 24 行.
SQL: SELECT `pid` FROM `cms_nav` WHERE ( id=8 ) LIMIT 1   [ RunTime:0.0000s ]
NOTIC: [8] Undefined variable: firstRow D:\wamp\www\cms\Application\Home\Model\NavModel.class.php 第 38 行.
NOTIC: [8] Undefined variable: limit D:\wamp\www\cms\Application\Home\Model\NavModel.class.php 第 38 行.
SQL: SELECT c.id,`title`,`date` FROM cms_nav n INNER JOIN cms_content c on n.id=c.nav  WHERE ( n.pid=8 )  [ RunTime:0.0010s ]
NOTIC: [2] Missing argument 3 for Home\Model\NavModel::getAllNews(), called in D:\wamp\www\cms\Application\Home\Controller\IndexController.class.php on line 24 and defined D:\wamp\www\cms\Application\Home\Model\NavModel.class.php 第 24 行.
NOTIC: [2] Missing argument 4 for Home\Model\NavModel::getAllNews(), called in D:\wamp\www\cms\Application\Home\Controller\IndexController.class.php on line 24 and defined D:\wamp\www\cms\Application\Home\Model\NavModel.class.php 第 24 行.
SQL: SELECT `pid` FROM `cms_nav` WHERE ( id=1 ) LIMIT 1   [ RunTime:0.0000s ]
NOTIC: [8] Undefined variable: firstRow D:\wamp\www\cms\Application\Home\Model\NavModel.class.php 第 38 行.
NOTIC: [8] Undefined variable: limit D:\wamp\www\cms\Application\Home\Model\NavModel.class.php 第 38 行.
SQL: SELECT c.id,`title`,`date` FROM cms_nav n INNER JOIN cms_content c on n.id=c.nav  WHERE ( n.pid=1 )  [ RunTime:0.0000s ]
NOTIC: [2] Missing argument 3 for Home\Model\NavModel::getAllNews(), called in D:\wamp\www\cms\Application\Home\Controller\IndexController.class.php on line 24 and defined D:\wamp\www\cms\Application\Home\Model\NavModel.class.php 第 24 行.
NOTIC: [2] Missing argument 4 for Home\Model\NavModel::getAllNews(), called in D:\wamp\www\cms\Application\Home\Controller\IndexController.class.php on line 24 and defined D:\wamp\www\cms\Application\Home\Model\NavModel.class.php 第 24 行.
SQL: SELECT `pid` FROM `cms_nav` WHERE ( id=3 ) LIMIT 1   [ RunTime:0.0000s ]
NOTIC: [8] Undefined variable: firstRow D:\wamp\www\cms\Application\Home\Model\NavModel.class.php 第 38 行.
NOTIC: [8] Undefined variable: limit D:\wamp\www\cms\Application\Home\Model\NavModel.class.php 第 38 行.
SQL: SELECT c.id,`title`,`date` FROM cms_nav n INNER JOIN cms_content c on n.id=c.nav  WHERE ( n.pid=3 )  [ RunTime:0.0000s ]
NOTIC: [2] Missing argument 3 for Home\Model\NavModel::getAllNews(), called in D:\wamp\www\cms\Application\Home\Controller\IndexController.class.php on line 24 and defined D:\wamp\www\cms\Application\Home\Model\NavModel.class.php 第 24 行.
NOTIC: [2] Missing argument 4 for Home\Model\NavModel::getAllNews(), called in D:\wamp\www\cms\Application\Home\Controller\IndexController.class.php on line 24 and defined D:\wamp\www\cms\Application\Home\Model\NavModel.class.php 第 24 行.
SQL: SELECT `pid` FROM `cms_nav` WHERE ( id=4 ) LIMIT 1   [ RunTime:0.0010s ]
NOTIC: [8] Undefined variable: firstRow D:\wamp\www\cms\Application\Home\Model\NavModel.class.php 第 38 行.
NOTIC: [8] Undefined variable: limit D:\wamp\www\cms\Application\Home\Model\NavModel.class.php 第 38 行.
SQL: SELECT c.id,`title`,`date` FROM cms_nav n INNER JOIN cms_content c on n.id=c.nav  WHERE ( n.pid=4 )  [ RunTime:0.0000s ]
INFO: [ view_parse ] --START--
INFO: [ template_filter ] --START--
INFO: Run Behavior\ContentReplaceBehavior [ RunTime:0.000000s ]
INFO: [ template_filter ] --END-- [ RunTime:0.000000s ]
INFO: Run Behavior\ParseTemplateBehavior [ RunTime:0.024002s ]
INFO: [ view_parse ] --END-- [ RunTime:0.024002s ]
INFO: [ view_filter ] --START--
INFO: Run Behavior\WriteHtmlCacheBehavior [ RunTime:0.000000s ]
INFO: Run Behavior\TokenBuildBehavior [ RunTime:0.001000s ]
INFO: [ view_filter ] --END-- [ RunTime:0.002000s ]
INFO: [ app_end ] --START--
INFO: Run Behavior\ShowPageTraceBehavior [ RunTime:0.001000s ]
INFO: [ app_end ] --END-- [ RunTime:0.001000s ]

[ 2018-01-08T11:18:18+08:00 ] ::1 /cms/Home/List/index/id/8.html
INFO: [ app_init ] --START--
INFO: Run Behavior\BuildLiteBehavior [ RunTime:0.000000s ]
INFO: [ app_init ] --END-- [ RunTime:0.001000s ]
INFO: [ app_begin ] --START--
INFO: Run Behavior\ReadHtmlCacheBehavior [ RunTime:0.001001s ]
INFO: [ app_begin ] --END-- [ RunTime:0.001001s ]
SQL: SHOW COLUMNS FROM `cms_nav` [ RunTime:0.0120s ]
SQL: SELECT * FROM `cms_nav` WHERE ( pid=0 ) ORDER BY sort asc  [ RunTime:0.0010s ]
SQL: SELECT `pid` FROM `cms_nav` WHERE ( id=8 ) LIMIT 1   [ RunTime:0.0000s ]
SQL: SELECT COUNT(*) AS tp_count FROM cms_nav n INNER JOIN cms_content c on n.id=c.nav  WHERE ( n.pid=8 ) LIMIT 1   [ RunTime:0.0000s ]
SQL: SELECT `pid` FROM `cms_nav` WHERE ( id=8 ) LIMIT 1   [ RunTime:0.0000s ]
SQL: SELECT n.nav_name,c.id,c.title,c.date,c.thumbnail,c.keyword,c.count,c.info FROM cms_nav n INNER JOIN cms_content c on n.id=c.nav  WHERE ( n.pid=8 ) LIMIT 0,2   [ RunTime:0.0000s ]
SQL: SELECT `id`,`nav_name` FROM `cms_nav` WHERE ( pid=8 )  [ RunTime:0.0000s ]
SQL: SELECT * FROM `cms_nav` WHERE ( id=8 ) LIMIT 1   [ RunTime:0.0010s ]
INFO: [ view_parse ] --START--
INFO: [ template_filter ] --START--
INFO: Run Behavior\ContentReplaceBehavior [ RunTime:0.000000s ]
INFO: [ template_filter ] --END-- [ RunTime:0.000000s ]
INFO: Run Behavior\ParseTemplateBehavior [ RunTime:0.025001s ]
INFO: [ view_parse ] --END-- [ RunTime:0.025001s ]
INFO: [ view_filter ] --START--
INFO: Run Behavior\WriteHtmlCacheBehavior [ RunTime:0.001000s ]
INFO: Run Behavior\TokenBuildBehavior [ RunTime:0.002001s ]
INFO: [ view_filter ] --END-- [ RunTime:0.003001s ]
INFO: [ app_end ] --START--
INFO: Run Behavior\ShowPageTraceBehavior [ RunTime:0.001000s ]
INFO: [ app_end ] --END-- [ RunTime:0.001000s ]

[ 2018-01-08T11:18:21+08:00 ] ::1 /cms/
INFO: [ app_init ] --START--
INFO: Run Behavior\BuildLiteBehavior [ RunTime:0.000000s ]
INFO: [ app_init ] --END-- [ RunTime:0.001000s ]
INFO: [ app_begin ] --START--
INFO: Run Behavior\ReadHtmlCacheBehavior [ RunTime:0.001000s ]
INFO: [ app_begin ] --END-- [ RunTime:0.001000s ]
SQL: SHOW COLUMNS FROM `cms_nav` [ RunTime:0.0130s ]
SQL: SELECT * FROM `cms_nav` WHERE ( pid=0 ) ORDER BY sort asc  [ RunTime:0.0010s ]
SQL: SELECT * FROM `cms_nav` WHERE ( pid=0 ) ORDER BY sort asc LIMIT 4   [ RunTime:0.0010s ]
NOTIC: [2] Missing argument 3 for Home\Model\NavModel::getAllNews(), called in D:\wamp\www\cms\Application\Home\Controller\IndexController.class.php on line 24 and defined D:\wamp\www\cms\Application\Home\Model\NavModel.class.php 第 24 行.
NOTIC: [2] Missing argument 4 for Home\Model\NavModel::getAllNews(), called in D:\wamp\www\cms\Application\Home\Controller\IndexController.class.php on line 24 and defined D:\wamp\www\cms\Application\Home\Model\NavModel.class.php 第 24 行.
SQL: SELECT `pid` FROM `cms_nav` WHERE ( id=8 ) LIMIT 1   [ RunTime:0.0000s ]
NOTIC: [8] Undefined variable: firstRow D:\wamp\www\cms\Application\Home\Model\NavModel.class.php 第 38 行.
NOTIC: [8] Undefined variable: limit D:\wamp\www\cms\Application\Home\Model\NavModel.class.php 第 38 行.
SQL: SELECT c.id,`title`,`date` FROM cms_nav n INNER JOIN cms_content c on n.id=c.nav  WHERE ( n.pid=8 )  [ RunTime:0.0010s ]
NOTIC: [2] Missing argument 3 for Home\Model\NavModel::getAllNews(), called in D:\wamp\www\cms\Application\Home\Controller\IndexController.class.php on line 24 and defined D:\wamp\www\cms\Application\Home\Model\NavModel.class.php 第 24 行.
NOTIC: [2] Missing argument 4 for Home\Model\NavModel::getAllNews(), called in D:\wamp\www\cms\Application\Home\Controller\IndexController.class.php on line 24 and defined D:\wamp\www\cms\Application\Home\Model\NavModel.class.php 第 24 行.
SQL: SELECT `pid` FROM `cms_nav` WHERE ( id=1 ) LIMIT 1   [ RunTime:0.0000s ]
NOTIC: [8] Undefined variable: firstRow D:\wamp\www\cms\Application\Home\Model\NavModel.class.php 第 38 行.
NOTIC: [8] Undefined variable: limit D:\wamp\www\cms\Application\Home\Model\NavModel.class.php 第 38 行.
SQL: SELECT c.id,`title`,`date` FROM cms_nav n INNER JOIN cms_content c on n.id=c.nav  WHERE ( n.pid=1 )  [ RunTime:0.0000s ]
NOTIC: [2] Missing argument 3 for Home\Model\NavModel::getAllNews(), called in D:\wamp\www\cms\Application\Home\Controller\IndexController.class.php on line 24 and defined D:\wamp\www\cms\Application\Home\Model\NavModel.class.php 第 24 行.
NOTIC: [2] Missing argument 4 for Home\Model\NavModel::getAllNews(), called in D:\wamp\www\cms\Application\Home\Controller\IndexController.class.php on line 24 and defined D:\wamp\www\cms\Application\Home\Model\NavModel.class.php 第 24 行.
SQL: SELECT `pid` FROM `cms_nav` WHERE ( id=3 ) LIMIT 1   [ RunTime:0.0000s ]
NOTIC: [8] Undefined variable: firstRow D:\wamp\www\cms\Application\Home\Model\NavModel.class.php 第 38 行.
NOTIC: [8] Undefined variable: limit D:\wamp\www\cms\Application\Home\Model\NavModel.class.php 第 38 行.
SQL: SELECT c.id,`title`,`date` FROM cms_nav n INNER JOIN cms_content c on n.id=c.nav  WHERE ( n.pid=3 )  [ RunTime:0.0010s ]
NOTIC: [2] Missing argument 3 for Home\Model\NavModel::getAllNews(), called in D:\wamp\www\cms\Application\Home\Controller\IndexController.class.php on line 24 and defined D:\wamp\www\cms\Application\Home\Model\NavModel.class.php 第 24 行.
NOTIC: [2] Missing argument 4 for Home\Model\NavModel::getAllNews(), called in D:\wamp\www\cms\Application\Home\Controller\IndexController.class.php on line 24 and defined D:\wamp\www\cms\Application\Home\Model\NavModel.class.php 第 24 行.
SQL: SELECT `pid` FROM `cms_nav` WHERE ( id=4 ) LIMIT 1   [ RunTime:0.0000s ]
NOTIC: [8] Undefined variable: firstRow D:\wamp\www\cms\Application\Home\Model\NavModel.class.php 第 38 行.
NOTIC: [8] Undefined variable: limit D:\wamp\www\cms\Application\Home\Model\NavModel.class.php 第 38 行.
SQL: SELECT c.id,`title`,`date` FROM cms_nav n INNER JOIN cms_content c on n.id=c.nav  WHERE ( n.pid=4 )  [ RunTime:0.0000s ]
INFO: [ view_parse ] --START--
INFO: [ template_filter ] --START--
INFO: Run Behavior\ContentReplaceBehavior [ RunTime:0.000000s ]
INFO: [ template_filter ] --END-- [ RunTime:0.000000s ]
INFO: Run Behavior\ParseTemplateBehavior [ RunTime:0.024002s ]
INFO: [ view_parse ] --END-- [ RunTime:0.024002s ]
INFO: [ view_filter ] --START--
INFO: Run Behavior\WriteHtmlCacheBehavior [ RunTime:0.001000s ]
INFO: Run Behavior\TokenBuildBehavior [ RunTime:0.001000s ]
INFO: [ view_filter ] --END-- [ RunTime:0.002000s ]
INFO: [ app_end ] --START--
INFO: Run Behavior\ShowPageTraceBehavior [ RunTime:0.001000s ]
INFO: [ app_end ] --END-- [ RunTime:0.001000s ]

[ 2018-01-08T11:18:22+08:00 ] ::1 /cms/Home/Detail/index/id/49.html
INFO: [ app_init ] --START--
INFO: Run Behavior\BuildLiteBehavior [ RunTime:0.001000s ]
INFO: [ app_init ] --END-- [ RunTime:0.001000s ]
INFO: [ app_begin ] --START--
INFO: Run Behavior\ReadHtmlCacheBehavior [ RunTime:0.001000s ]
INFO: [ app_begin ] --END-- [ RunTime:0.001000s ]
SQL: SHOW COLUMNS FROM `cms_nav` [ RunTime:0.0130s ]
SQL: SELECT * FROM `cms_nav` WHERE ( pid=0 ) ORDER BY sort asc  [ RunTime:0.0000s ]
SQL: SHOW COLUMNS FROM `cms_content` [ RunTime:0.0120s ]
SQL: SELECT `title`,`date`,`count`,`info`,`source`,`author`,`content` FROM `cms_content` WHERE ( id=49 ) LIMIT 1   [ RunTime:0.0010s ]
SQL: SELECT `nav_name`,`pid`,n.id FROM cms_content c INNER JOIN cms_nav n on n.id = c.nav  WHERE ( c.id=49 ) LIMIT 1   [ RunTime:0.0010s ]
SQL: SHOW COLUMNS FROM `cms_nav` [ RunTime:0.0130s ]
SQL: SELECT `nav_name`,n.id FROM cms_nav n WHERE ( n.id=8 ) LIMIT 1   [ RunTime:0.0000s ]
NOTIC: [8] A session had already been started - ignoring session_start() D:\wamp\www\cms\Application\Home\Controller\DetailController.class.php 第 34 行.
SQL: UPDATE `cms_content` SET `count`='93' WHERE `id` = 49 [ RunTime:0.0000s ]
INFO: [ view_parse ] --START--
INFO: [ template_filter ] --START--
INFO: Run Behavior\ContentReplaceBehavior [ RunTime:0.000000s ]
INFO: [ template_filter ] --END-- [ RunTime:0.001000s ]
INFO: Run Behavior\ParseTemplateBehavior [ RunTime:0.018001s ]
INFO: [ view_parse ] --END-- [ RunTime:0.018001s ]
INFO: [ view_filter ] --START--
INFO: Run Behavior\WriteHtmlCacheBehavior [ RunTime:0.001000s ]
INFO: Run Behavior\TokenBuildBehavior [ RunTime:0.001000s ]
INFO: [ view_filter ] --END-- [ RunTime:0.002000s ]
INFO: [ app_end ] --START--
INFO: Run Behavior\ShowPageTraceBehavior [ RunTime:0.001000s ]
INFO: [ app_end ] --END-- [ RunTime:0.001000s ]

[ 2018-01-08T11:18:27+08:00 ] ::1 /cms/
INFO: [ app_init ] --START--
INFO: Run Behavior\BuildLiteBehavior [ RunTime:0.000000s ]
INFO: [ app_init ] --END-- [ RunTime:0.001000s ]
INFO: [ app_begin ] --START--
INFO: Run Behavior\ReadHtmlCacheBehavior [ RunTime:0.000000s ]
INFO: [ app_begin ] --END-- [ RunTime:0.001000s ]
SQL: SHOW COLUMNS FROM `cms_nav` [ RunTime:0.0130s ]
SQL: SELECT * FROM `cms_nav` WHERE ( pid=0 ) ORDER BY sort asc  [ RunTime:0.0000s ]
SQL: SELECT * FROM `cms_nav` WHERE ( pid=0 ) ORDER BY sort asc LIMIT 4   [ RunTime:0.0000s ]
NOTIC: [2] Missing argument 3 for Home\Model\NavModel::getAllNews(), called in D:\wamp\www\cms\Application\Home\Controller\IndexController.class.php on line 24 and defined D:\wamp\www\cms\Application\Home\Model\NavModel.class.php 第 24 行.
NOTIC: [2] Missing argument 4 for Home\Model\NavModel::getAllNews(), called in D:\wamp\www\cms\Application\Home\Controller\IndexController.class.php on line 24 and defined D:\wamp\www\cms\Application\Home\Model\NavModel.class.php 第 24 行.
SQL: SELECT `pid` FROM `cms_nav` WHERE ( id=8 ) LIMIT 1   [ RunTime:0.0000s ]
NOTIC: [8] Undefined variable: firstRow D:\wamp\www\cms\Application\Home\Model\NavModel.class.php 第 38 行.
NOTIC: [8] Undefined variable: limit D:\wamp\www\cms\Application\Home\Model\NavModel.class.php 第 38 行.
SQL: SELECT c.id,`title`,`date` FROM cms_nav n INNER JOIN cms_content c on n.id=c.nav  WHERE ( n.pid=8 )  [ RunTime:0.0000s ]
NOTIC: [2] Missing argument 3 for Home\Model\NavModel::getAllNews(), called in D:\wamp\www\cms\Application\Home\Controller\IndexController.class.php on line 24 and defined D:\wamp\www\cms\Application\Home\Model\NavModel.class.php 第 24 行.
NOTIC: [2] Missing argument 4 for Home\Model\NavModel::getAllNews(), called in D:\wamp\www\cms\Application\Home\Controller\IndexController.class.php on line 24 and defined D:\wamp\www\cms\Application\Home\Model\NavModel.class.php 第 24 行.
SQL: SELECT `pid` FROM `cms_nav` WHERE ( id=1 ) LIMIT 1   [ RunTime:0.0000s ]
NOTIC: [8] Undefined variable: firstRow D:\wamp\www\cms\Application\Home\Model\NavModel.class.php 第 38 行.
NOTIC: [8] Undefined variable: limit D:\wamp\www\cms\Application\Home\Model\NavModel.class.php 第 38 行.
SQL: SELECT c.id,`title`,`date` FROM cms_nav n INNER JOIN cms_content c on n.id=c.nav  WHERE ( n.pid=1 )  [ RunTime:0.0000s ]
NOTIC: [2] Missing argument 3 for Home\Model\NavModel::getAllNews(), called in D:\wamp\www\cms\Application\Home\Controller\IndexController.class.php on line 24 and defined D:\wamp\www\cms\Application\Home\Model\NavModel.class.php 第 24 行.
NOTIC: [2] Missing argument 4 for Home\Model\NavModel::getAllNews(), called in D:\wamp\www\cms\Application\Home\Controller\IndexController.class.php on line 24 and defined D:\wamp\www\cms\Application\Home\Model\NavModel.class.php 第 24 行.
SQL: SELECT `pid` FROM `cms_nav` WHERE ( id=3 ) LIMIT 1   [ RunTime:0.0000s ]
NOTIC: [8] Undefined variable: firstRow D:\wamp\www\cms\Application\Home\Model\NavModel.class.php 第 38 行.
NOTIC: [8] Undefined variable: limit D:\wamp\www\cms\Application\Home\Model\NavModel.class.php 第 38 行.
SQL: SELECT c.id,`title`,`date` FROM cms_nav n INNER JOIN cms_content c on n.id=c.nav  WHERE ( n.pid=3 )  [ RunTime:0.0000s ]
NOTIC: [2] Missing argument 3 for Home\Model\NavModel::getAllNews(), called in D:\wamp\www\cms\Application\Home\Controller\IndexController.class.php on line 24 and defined D:\wamp\www\cms\Application\Home\Model\NavModel.class.php 第 24 行.
NOTIC: [2] Missing argument 4 for Home\Model\NavModel::getAllNews(), called in D:\wamp\www\cms\Application\Home\Controller\IndexController.class.php on line 24 and defined D:\wamp\www\cms\Application\Home\Model\NavModel.class.php 第 24 行.
SQL: SELECT `pid` FROM `cms_nav` WHERE ( id=4 ) LIMIT 1   [ RunTime:0.0000s ]
NOTIC: [8] Undefined variable: firstRow D:\wamp\www\cms\Application\Home\Model\NavModel.class.php 第 38 行.
NOTIC: [8] Undefined variable: limit D:\wamp\www\cms\Application\Home\Model\NavModel.class.php 第 38 行.
SQL: SELECT c.id,`title`,`date` FROM cms_nav n INNER JOIN cms_content c on n.id=c.nav  WHERE ( n.pid=4 )  [ RunTime:0.0010s ]
INFO: [ view_parse ] --START--
INFO: [ template_filter ] --START--
INFO: Run Behavior\ContentReplaceBehavior [ RunTime:0.000000s ]
INFO: [ template_filter ] --END-- [ RunTime:0.000000s ]
INFO: Run Behavior\ParseTemplateBehavior [ RunTime:0.024001s ]
INFO: [ view_parse ] --END-- [ RunTime:0.025001s ]
INFO: [ view_filter ] --START--
INFO: Run Behavior\WriteHtmlCacheBehavior [ RunTime:0.001000s ]
INFO: Run Behavior\TokenBuildBehavior [ RunTime:0.001000s ]
INFO: [ view_filter ] --END-- [ RunTime:0.002000s ]
INFO: [ app_end ] --START--
INFO: Run Behavior\ShowPageTraceBehavior [ RunTime:0.001000s ]
INFO: [ app_end ] --END-- [ RunTime:0.001000s ]

[ 2018-01-08T11:20:40+08:00 ] ::1 /cms/
INFO: [ app_init ] --START--
INFO: Run Behavior\BuildLiteBehavior [ RunTime:0.000000s ]
INFO: [ app_init ] --END-- [ RunTime:0.001000s ]
INFO: [ app_begin ] --START--
INFO: Run Behavior\ReadHtmlCacheBehavior [ RunTime:0.001000s ]
INFO: [ app_begin ] --END-- [ RunTime:0.001000s ]
SQL: SHOW COLUMNS FROM `cms_nav` [ RunTime:0.0120s ]
SQL: SELECT * FROM `cms_nav` WHERE ( pid=0 ) ORDER BY sort asc  [ RunTime:0.0010s ]
SQL: SELECT * FROM `cms_nav` WHERE ( pid=0 ) ORDER BY sort asc LIMIT 4   [ RunTime:0.0010s ]
NOTIC: [2] Missing argument 3 for Home\Model\NavModel::getAllNews(), called in D:\wamp\www\cms\Application\Home\Controller\IndexController.class.php on line 24 and defined D:\wamp\www\cms\Application\Home\Model\NavModel.class.php 第 24 行.
NOTIC: [2] Missing argument 4 for Home\Model\NavModel::getAllNews(), called in D:\wamp\www\cms\Application\Home\Controller\IndexController.class.php on line 24 and defined D:\wamp\www\cms\Application\Home\Model\NavModel.class.php 第 24 行.
SQL: SELECT `pid` FROM `cms_nav` WHERE ( id=8 ) LIMIT 1   [ RunTime:0.0000s ]
NOTIC: [8] Undefined variable: firstRow D:\wamp\www\cms\Application\Home\Model\NavModel.class.php 第 38 行.
NOTIC: [8] Undefined variable: limit D:\wamp\www\cms\Application\Home\Model\NavModel.class.php 第 38 行.
SQL: SELECT c.id,`title`,`date` FROM cms_nav n INNER JOIN cms_content c on n.id=c.nav  WHERE ( n.pid=8 )  [ RunTime:0.0010s ]
NOTIC: [2] Missing argument 3 for Home\Model\NavModel::getAllNews(), called in D:\wamp\www\cms\Application\Home\Controller\IndexController.class.php on line 24 and defined D:\wamp\www\cms\Application\Home\Model\NavModel.class.php 第 24 行.
NOTIC: [2] Missing argument 4 for Home\Model\NavModel::getAllNews(), called in D:\wamp\www\cms\Application\Home\Controller\IndexController.class.php on line 24 and defined D:\wamp\www\cms\Application\Home\Model\NavModel.class.php 第 24 行.
SQL: SELECT `pid` FROM `cms_nav` WHERE ( id=1 ) LIMIT 1   [ RunTime:0.0000s ]
NOTIC: [8] Undefined variable: firstRow D:\wamp\www\cms\Application\Home\Model\NavModel.class.php 第 38 行.
NOTIC: [8] Undefined variable: limit D:\wamp\www\cms\Application\Home\Model\NavModel.class.php 第 38 行.
SQL: SELECT c.id,`title`,`date` FROM cms_nav n INNER JOIN cms_content c on n.id=c.nav  WHERE ( n.pid=1 )  [ RunTime:0.0000s ]
NOTIC: [2] Missing argument 3 for Home\Model\NavModel::getAllNews(), called in D:\wamp\www\cms\Application\Home\Controller\IndexController.class.php on line 24 and defined D:\wamp\www\cms\Application\Home\Model\NavModel.class.php 第 24 行.
NOTIC: [2] Missing argument 4 for Home\Model\NavModel::getAllNews(), called in D:\wamp\www\cms\Application\Home\Controller\IndexController.class.php on line 24 and defined D:\wamp\www\cms\Application\Home\Model\NavModel.class.php 第 24 行.
SQL: SELECT `pid` FROM `cms_nav` WHERE ( id=3 ) LIMIT 1   [ RunTime:0.0000s ]
NOTIC: [8] Undefined variable: firstRow D:\wamp\www\cms\Application\Home\Model\NavModel.class.php 第 38 行.
NOTIC: [8] Undefined variable: limit D:\wamp\www\cms\Application\Home\Model\NavModel.class.php 第 38 行.
SQL: SELECT c.id,`title`,`date` FROM cms_nav n INNER JOIN cms_content c on n.id=c.nav  WHERE ( n.pid=3 )  [ RunTime:0.0000s ]
NOTIC: [2] Missing argument 3 for Home\Model\NavModel::getAllNews(), called in D:\wamp\www\cms\Application\Home\Controller\IndexController.class.php on line 24 and defined D:\wamp\www\cms\Application\Home\Model\NavModel.class.php 第 24 行.
NOTIC: [2] Missing argument 4 for Home\Model\NavModel::getAllNews(), called in D:\wamp\www\cms\Application\Home\Controller\IndexController.class.php on line 24 and defined D:\wamp\www\cms\Application\Home\Model\NavModel.class.php 第 24 行.
SQL: SELECT `pid` FROM `cms_nav` WHERE ( id=4 ) LIMIT 1   [ RunTime:0.0010s ]
NOTIC: [8] Undefined variable: firstRow D:\wamp\www\cms\Application\Home\Model\NavModel.class.php 第 38 行.
NOTIC: [8] Undefined variable: limit D:\wamp\www\cms\Application\Home\Model\NavModel.class.php 第 38 行.
SQL: SELECT c.id,`title`,`date` FROM cms_nav n INNER JOIN cms_content c on n.id=c.nav  WHERE ( n.pid=4 )  [ RunTime:0.0000s ]
INFO: [ view_parse ] --START--
INFO: [ template_filter ] --START--
INFO: Run Behavior\ContentReplaceBehavior [ RunTime:0.000000s ]
INFO: [ template_filter ] --END-- [ RunTime:0.000000s ]
INFO: Run Behavior\ParseTemplateBehavior [ RunTime:0.024001s ]
INFO: [ view_parse ] --END-- [ RunTime:0.024001s ]
INFO: [ view_filter ] --START--
INFO: Run Behavior\WriteHtmlCacheBehavior [ RunTime:0.000000s ]
INFO: Run Behavior\TokenBuildBehavior [ RunTime:0.001000s ]
INFO: [ view_filter ] --END-- [ RunTime:0.002000s ]
INFO: [ app_end ] --START--
INFO: Run Behavior\ShowPageTraceBehavior [ RunTime:0.001000s ]
INFO: [ app_end ] --END-- [ RunTime:0.001000s ]

